# JRE version: Java(TM) SE Runtime Environment (13.0.1+9) (build 13.0.1+9)
# Java VM: Java HotSpot(TM) 64-Bit Server VM (13.0.1+9, mixed mode, sharing, tiered, compressed oops, g1 gc, windows-amd64)
Heap:
 garbage-first heap   total 175104K, used 108074K [0x0000000080000000, 0x0000000100000000)
  region size 1024K, 28 young (28672K), 7 survivors (7168K)
 Metaspace       used 70287K, capacity 72275K, committed 72400K, reserved 1112064K
  class space    used 9601K, capacity 10316K, committed 10368K, reserved 1048576K
GC Heap History (20 events):
Event: 17.379 GC heap before
{Heap before GC invocations=20 (full 0):
 garbage-first heap   total 117760K, used 91246K [0x0000000080000000, 0x0000000100000000)
  region size 1024K, 26 young (26624K), 2 survivors (2048K)
 Metaspace       used 49894K, capacity 51466K, committed 51664K, reserved 1093632K
  class space    used 6682K, capacity 7206K, committed 7296K, reserved 1048576K
}
Event: 17.385 GC heap after
{Heap after GC invocations=21 (full 0):
 garbage-first heap   total 117760K, used 69900K [0x0000000080000000, 0x0000000100000000)
  region size 1024K, 4 young (4096K), 4 survivors (4096K)
 Metaspace       used 49894K, capacity 51466K, committed 51664K, reserved 1093632K
  class space    used 6682K, capacity 7206K, committed 7296K, reserved 1048576K
}
Event: 17.668 GC heap before
{Heap before GC invocations=22 (full 0):
 garbage-first heap   total 124928K, used 81164K [0x0000000080000000, 0x0000000100000000)
  region size 1024K, 16 young (16384K), 4 survivors (4096K)
 Metaspace       used 51235K, capacity 52870K, committed 53072K, reserved 1095680K
  class space    used 6847K, capacity 7373K, committed 7424K, reserved 1048576K
}
Event: 17.676 GC heap after
{Heap after GC invocations=23 (full 0):
 garbage-first heap   total 124928K, used 71256K [0x0000000080000000, 0x0000000100000000)
  region size 1024K, 2 young (2048K), 2 survivors (2048K)
 Metaspace       used 51235K, capacity 52870K, committed 53072K, reserved 1095680K
  class space    used 6847K, capacity 7373K, committed 7424K, reserved 1048576K
}
Event: 18.249 GC heap before
{Heap before GC invocations=24 (full 0):
 garbage-first heap   total 124928K, used 93784K [0x0000000080000000, 0x0000000100000000)
  region size 1024K, 23 young (23552K), 2 survivors (2048K)
 Metaspace       used 54011K, capacity 55668K, committed 56016K, reserved 1097728K
  class space    used 7155K, capacity 7681K, committed 7808K, reserved 1048576K
}
Event: 18.252 GC heap after
{Heap after GC invocations=25 (full 0):
 garbage-first heap   total 124928K, used 72286K [0x0000000080000000, 0x0000000100000000)
  region size 1024K, 3 young (3072K), 3 survivors (3072K)
 Metaspace       used 54011K, capacity 55668K, committed 56016K, reserved 1097728K
  class space    used 7155K, capacity 7681K, committed 7808K, reserved 1048576K
}
Event: 18.414 GC heap before
{Heap before GC invocations=25 (full 0):
 garbage-first heap   total 124928K, used 94814K [0x0000000080000000, 0x0000000100000000)
  region size 1024K, 25 young (25600K), 3 survivors (3072K)
 Metaspace       used 54317K, capacity 55985K, committed 56272K, reserved 1097728K
  class space    used 7202K, capacity 7723K, committed 7808K, reserved 1048576K
}
Event: 18.419 GC heap after
{Heap after GC invocations=26 (full 0):
 garbage-first heap   total 124928K, used 74797K [0x0000000080000000, 0x0000000100000000)
  region size 1024K, 4 young (4096K), 4 survivors (4096K)
 Metaspace       used 54317K, capacity 55985K, committed 56272K, reserved 1097728K
  class space    used 7202K, capacity 7723K, committed 7808K, reserved 1048576K
}
Event: 18.883 GC heap before
{Heap before GC invocations=27 (full 0):
 garbage-first heap   total 133120K, used 96301K [0x0000000080000000, 0x0000000100000000)
  region size 1024K, 26 young (26624K), 4 survivors (4096K)
 Metaspace       used 57627K, capacity 59343K, committed 59600K, reserved 1101824K
  class space    used 7736K, capacity 8290K, committed 8320K, reserved 1048576K
}
Event: 18.890 GC heap after
{Heap after GC invocations=28 (full 0):
 garbage-first heap   total 133120K, used 76010K [0x0000000080000000, 0x0000000100000000)
  region size 1024K, 2 young (2048K), 2 survivors (2048K)
 Metaspace       used 57627K, capacity 59343K, committed 59600K, reserved 1101824K
  class space    used 7736K, capacity 8290K, committed 8320K, reserved 1048576K
}
Event: 19.464 GC heap before
{Heap before GC invocations=28 (full 0):
 garbage-first heap   total 133120K, used 101610K [0x0000000080000000, 0x0000000100000000)
  region size 1024K, 27 young (27648K), 2 survivors (2048K)
 Metaspace       used 59147K, capacity 60928K, committed 61136K, reserved 1101824K
  class space    used 7949K, capacity 8516K, committed 8576K, reserved 1048576K
}
Event: 19.469 GC heap after
{Heap after GC invocations=29 (full 0):
 garbage-first heap   total 133120K, used 78045K [0x0000000080000000, 0x0000000100000000)
  region size 1024K, 4 young (4096K), 4 survivors (4096K)
 Metaspace       used 59147K, capacity 60928K, committed 61136K, reserved 1101824K
  class space    used 7949K, capacity 8516K, committed 8576K, reserved 1048576K
}
Event: 19.766 GC heap before
{Heap before GC invocations=30 (full 0):
 garbage-first heap   total 145408K, used 102621K [0x0000000080000000, 0x0000000100000000)
  region size 1024K, 28 young (28672K), 4 survivors (4096K)
 Metaspace       used 59866K, capacity 61745K, committed 61776K, reserved 1101824K
  class space    used 8078K, capacity 8683K, committed 8704K, reserved 1048576K
}
Event: 19.773 GC heap after
{Heap after GC invocations=31 (full 0):
 garbage-first heap   total 145408K, used 80311K [0x0000000080000000, 0x0000000100000000)
  region size 1024K, 3 young (3072K), 3 survivors (3072K)
 Metaspace       used 59866K, capacity 61745K, committed 61776K, reserved 1101824K
  class space    used 8078K, capacity 8683K, committed 8704K, reserved 1048576K
}
Event: 20.423 GC heap before
{Heap before GC invocations=31 (full 0):
 garbage-first heap   total 145408K, used 110007K [0x0000000080000000, 0x0000000100000000)
  region size 1024K, 33 young (33792K), 3 survivors (3072K)
 Metaspace       used 63070K, capacity 64973K, committed 65104K, reserved 1105920K
  class space    used 8553K, capacity 9210K, committed 9216K, reserved 1048576K
}
Event: 20.431 GC heap after
{Heap after GC invocations=32 (full 0):
 garbage-first heap   total 175104K, used 81380K [0x0000000080000000, 0x0000000100000000)
  region size 1024K, 4 young (4096K), 4 survivors (4096K)
 Metaspace       used 63070K, capacity 64973K, committed 65104K, reserved 1105920K
  class space    used 8553K, capacity 9210K, committed 9216K, reserved 1048576K
}
Event: 21.398 GC heap before
{Heap before GC invocations=33 (full 0):
 garbage-first heap   total 175104K, used 127460K [0x0000000080000000, 0x0000000100000000)
  region size 1024K, 49 young (50176K), 4 survivors (4096K)
 Metaspace       used 65472K, capacity 67508K, committed 67792K, reserved 1107968K
  class space    used 8896K, capacity 9524K, committed 9600K, reserved 1048576K
}
Event: 21.406 GC heap after
{Heap after GC invocations=34 (full 0):
 garbage-first heap   total 175104K, used 84134K [0x0000000080000000, 0x0000000100000000)
  region size 1024K, 6 young (6144K), 6 survivors (6144K)
 Metaspace       used 65472K, capacity 67508K, committed 67792K, reserved 1107968K
  class space    used 8896K, capacity 9524K, committed 9600K, reserved 1048576K
}
Event: 22.231 GC heap before
{Heap before GC invocations=34 (full 0):
 garbage-first heap   total 175104K, used 131238K [0x0000000080000000, 0x0000000100000000)
  region size 1024K, 52 young (53248K), 6 survivors (6144K)
 Metaspace       used 68206K, capacity 70279K, committed 70608K, reserved 1110016K
  class space    used 9271K, capacity 9993K, committed 10112K, reserved 1048576K
}
Event: 22.243 GC heap after
{Heap after GC invocations=35 (full 0):
 garbage-first heap   total 175104K, used 87594K [0x0000000080000000, 0x0000000100000000)
  region size 1024K, 7 young (7168K), 7 survivors (7168K)
 Metaspace       used 68206K, capacity 70279K, committed 70608K, reserved 1110016K
  class space    used 9271K, capacity 9993K, committed 10112K, reserved 1048576K
}

